gyp info it worked if it ends with ok
gyp info using node-gyp@9.3.1
gyp info using node@18.15.0 | darwin | arm64
gyp info find Python using Python version 3.9.13 found at "/opt/homebrew/opt/python@3.9/bin/python3.9"
gyp http GET https://nodejs.org/download/release/v18.15.0/node-v18.15.0-headers.tar.gz
gyp http 200 https://nodejs.org/download/release/v18.15.0/node-v18.15.0-headers.tar.gz
gyp http GET https://nodejs.org/download/release/v18.15.0/SHASUMS256.txt
gyp http 200 https://nodejs.org/download/release/v18.15.0/SHASUMS256.txt
gyp info spawn /opt/homebrew/opt/python@3.9/bin/python3.9
gyp info spawn args [
gyp info spawn args   '/usr/local/lib/node_modules/npm/node_modules/node-gyp/gyp/gyp_main.py',
gyp info spawn args   'binding.gyp',
gyp info spawn args   '-f',
gyp info spawn args   'make',
gyp info spawn args   '-I',
gyp info spawn args   '/Users/devyk/Data/Project/MyProject/OpenRTCProject/p2ps/node_modules/uws/build/config.gypi',
gyp info spawn args   '-I',
gyp info spawn args   '/usr/local/lib/node_modules/npm/node_modules/node-gyp/addon.gypi',
gyp info spawn args   '-I',
gyp info spawn args   '/Users/devyk/Library/Caches/node-gyp/18.15.0/include/node/common.gypi',
gyp info spawn args   '-Dlibrary=shared_library',
gyp info spawn args   '-Dvisibility=default',
gyp info spawn args   '-Dnode_root_dir=/Users/devyk/Library/Caches/node-gyp/18.15.0',
gyp info spawn args   '-Dnode_gyp_dir=/usr/local/lib/node_modules/npm/node_modules/node-gyp',
gyp info spawn args   '-Dnode_lib_file=/Users/devyk/Library/Caches/node-gyp/18.15.0/<(target_arch)/node.lib',
gyp info spawn args   '-Dmodule_root_dir=/Users/devyk/Data/Project/MyProject/OpenRTCProject/p2ps/node_modules/uws',
gyp info spawn args   '-Dnode_engine=v8',
gyp info spawn args   '--depth=.',
gyp info spawn args   '--no-parallel',
gyp info spawn args   '--generator-output',
gyp info spawn args   'build',
gyp info spawn args   '-Goutput_dir=.'
gyp info spawn args ]
gyp info spawn make
gyp info spawn args [ 'BUILDTYPE=Release', '-C', 'build' ]
  CXX(target) Release/obj.target/uws/src/Extensions.o
  CXX(target) Release/obj.target/uws/src/Group.o
  CXX(target) Release/obj.target/uws/src/Networking.o
  CXX(target) Release/obj.target/uws/src/Hub.o
  CXX(target) Release/obj.target/uws/src/Node.o
  CXX(target) Release/obj.target/uws/src/WebSocket.o
  CXX(target) Release/obj.target/uws/src/HTTPSocket.o
  CXX(target) Release/obj.target/uws/src/Socket.o
  CXX(target) Release/obj.target/uws/src/addon.o
In file included from ../src/addon.cpp:2:
In file included from ../src/addon.h:1:
In file included from /Users/devyk/Library/Caches/node-gyp/18.15.0/include/node/node.h:73:
In file included from /Users/devyk/Library/Caches/node-gyp/18.15.0/include/node/v8.h:24:
In file included from /Users/devyk/Library/Caches/node-gyp/18.15.0/include/node/v8-array-buffer.h:12:
In file included from /Users/devyk/Library/Caches/node-gyp/18.15.0/include/node/v8-local-handle.h:12:
/Users/devyk/Library/Caches/node-gyp/18.15.0/include/node/v8-internal.h:646:38: error: no template named 'remove_cv_t' in namespace 'std'; did you mean 'remove_cv'?
            !std::is_same<Data, std::remove_cv_t<T>>::value>::Perform(data);
                                ~~~~~^~~~~~~~~~~
                                     remove_cv
/Applications/Xcode.app/Contents/Developer/Platforms/MacOSX.platform/Developer/SDKs/MacOSX.sdk/usr/include/c++/v1/type_traits:715:50: note: 'remove_cv' declared here
template <class _Tp> struct _LIBCPP_TEMPLATE_VIS remove_cv
                                                 ^
In file included from ../src/addon.cpp:2:
../src/addon.h:21:15: warning: 'MakeCallback' is deprecated: Use MakeCallback(..., async_context) [-Wdeprecated-declarations]
        node::MakeCallback(isolate, isolate->GetCurrentContext()->Global(), Local<Function>::New(isolate, noop), 0, nullptr);
              ^
/Users/devyk/Library/Caches/node-gyp/18.15.0/include/node/node.h:194:1: note: 'MakeCallback' has been explicitly marked deprecated here
NODE_DEPRECATED("Use MakeCallback(..., async_context)",
^
/Users/devyk/Library/Caches/node-gyp/18.15.0/include/node/node.h:112:20: note: expanded from macro 'NODE_DEPRECATED'
    __attribute__((deprecated(message))) declarator
                   ^
In file included from ../src/addon.cpp:2:
../src/addon.h:37:47: error: no matching constructor for initialization of 'String::Utf8Value'
            utf8Value = new (utf8ValueMemory) String::Utf8Value(value);
                                              ^                 ~~~~~
/Users/devyk/Library/Caches/node-gyp/18.15.0/include/node/v8-primitive.h:517:5: note: candidate constructor not viable: no known conversion from 'const Local<v8::Value>' to 'const v8::String::Utf8Value' for 1st argument
    Utf8Value(const Utf8Value&) = delete;
    ^
/Users/devyk/Library/Caches/node-gyp/18.15.0/include/node/v8-primitive.h:510:5: note: candidate constructor not viable: requires 2 arguments, but 1 was provided
    Utf8Value(Isolate* isolate, Local<v8::Value> obj);
    ^
In file included from ../src/addon.cpp:2:
../src/addon.h:45:13: error: no type named 'Contents' in 'v8::ArrayBuffer'; did you mean 'Context'?
            ArrayBuffer::Contents contents = arrayBufferView->Buffer()->GetContents();
            ^~~~~~~~~~~~~~~~~~~~~
            Context
/Users/devyk/Library/Caches/node-gyp/18.15.0/include/node/v8-regexp.h:15:7: note: 'Context' declared here
class Context;
      ^
In file included from ../src/addon.cpp:2:
../src/addon.h:45:73: error: no member named 'GetContents' in 'v8::ArrayBuffer'
            ArrayBuffer::Contents contents = arrayBufferView->Buffer()->GetContents();
                                             ~~~~~~~~~~~~~~~~~~~~~~~~~~~^
../src/addon.h:50:13: error: no type named 'Contents' in 'v8::ArrayBuffer'; did you mean 'Context'?
            ArrayBuffer::Contents contents = arrayBuffer->GetContents();
            ^~~~~~~~~~~~~~~~~~~~~
            Context
/Users/devyk/Library/Caches/node-gyp/18.15.0/include/node/v8-regexp.h:15:7: note: 'Context' declared here
class Context;
      ^
In file included from ../src/addon.cpp:2:
../src/addon.h:50:59: error: no member named 'GetContents' in 'v8::ArrayBuffer'
            ArrayBuffer::Contents contents = arrayBuffer->GetContents();
                                             ~~~~~~~~~~~~~^
../src/addon.h:79:83: error: too few arguments to function call, single argument 'context' was not specified
    uWS::Group<isServer> *group = hub.createGroup<isServer>(args[0]->IntegerValue(), args[1]->IntegerValue());
                                                            ~~~~~~~~~~~~~~~~~~~~~ ^
/Users/devyk/Library/Caches/node-gyp/18.15.0/include/node/v8-value.h:413:40: note: 'IntegerValue' declared here
  V8_WARN_UNUSED_RESULT Maybe<int64_t> IntegerValue(
                                       ^
In file included from ../src/addon.cpp:2:
../src/addon.h:79:108: error: too few arguments to function call, single argument 'context' was not specified
    uWS::Group<isServer> *group = hub.createGroup<isServer>(args[0]->IntegerValue(), args[1]->IntegerValue());
                                                                                     ~~~~~~~~~~~~~~~~~~~~~ ^
/Users/devyk/Library/Caches/node-gyp/18.15.0/include/node/v8-value.h:413:40: note: 'IntegerValue' declared here
  V8_WARN_UNUSED_RESULT Maybe<int64_t> IntegerValue(
                                       ^
In file included from ../src/addon.cpp:2:
../src/addon.h:102:59: error: no matching function for call to 'New'
    return opCode == uWS::OpCode::BINARY ? (Local<Value>) ArrayBuffer::New(isolate, (char *) message, length) : (Local<Value>) String::NewFromUtf8(isolate, message, String::kNormalString, length);
                                                          ^~~~~~~~~~~~~~~~
/Users/devyk/Library/Caches/node-gyp/18.15.0/include/node/v8-array-buffer.h:198:29: note: candidate function not viable: requires 2 arguments, but 3 were provided
  static Local<ArrayBuffer> New(Isolate* isolate, size_t byte_length);
                            ^
/Users/devyk/Library/Caches/node-gyp/18.15.0/include/node/v8-array-buffer.h:212:29: note: candidate function not viable: requires 2 arguments, but 3 were provided
  static Local<ArrayBuffer> New(Isolate* isolate,
                            ^
In file included from ../src/addon.cpp:2:
../src/addon.h:102:174: error: no member named 'kNormalString' in 'v8::String'
    return opCode == uWS::OpCode::BINARY ? (Local<Value>) ArrayBuffer::New(isolate, (char *) message, length) : (Local<Value>) String::NewFromUtf8(isolate, message, String::kNormalString, length);
                                                                                                                                                                     ~~~~~~~~^
../src/addon.h:163:15: warning: 'MakeCallback' is deprecated: Use MakeCallback(..., async_context) [-Wdeprecated-declarations]
        node::MakeCallback(sc->isolate, sc->isolate->GetCurrentContext()->Global(), Local<Function>::New(sc->isolate, sc->jsCallback), 0, nullptr);
              ^
/Users/devyk/Library/Caches/node-gyp/18.15.0/include/node/node.h:194:1: note: 'MakeCallback' has been explicitly marked deprecated here
NODE_DEPRECATED("Use MakeCallback(..., async_context)",
^
/Users/devyk/Library/Caches/node-gyp/18.15.0/include/node/node.h:112:20: note: expanded from macro 'NODE_DEPRECATED'
    __attribute__((deprecated(message))) declarator
                   ^
In file included from ../src/addon.cpp:2:
../src/addon.h:172:62: error: too few arguments to function call, single argument 'context' was not specified
    uWS::OpCode opCode = (uWS::OpCode) args[2]->IntegerValue();
                                       ~~~~~~~~~~~~~~~~~~~~~ ^
/Users/devyk/Library/Caches/node-gyp/18.15.0/include/node/v8-value.h:413:40: note: 'IntegerValue' declared here
  V8_WARN_UNUSED_RESULT Maybe<int64_t> IntegerValue(
                                       ^
In file included from ../src/addon.cpp:2:
../src/addon.h:223:60: error: too few arguments to function call, single argument 'context' was not specified
        uv_fileno((handle = getTcpHandle(args[0]->ToObject()->GetAlignedPointerFromInternalField(0))), (uv_os_fd_t *) &ticket->fd);
                                         ~~~~~~~~~~~~~~~~~ ^
/Users/devyk/Library/Caches/node-gyp/18.15.0/include/node/v8-value.h:372:44: note: 'ToObject' declared here
  V8_WARN_UNUSED_RESULT MaybeLocal<Object> ToObject(
                                           ^
In file included from ../src/addon.cpp:2:
../src/addon.h:223:61: error: member reference type 'MaybeLocal<v8::Object>' is not a pointer; did you mean to use '.'?
        uv_fileno((handle = getTcpHandle(args[0]->ToObject()->GetAlignedPointerFromInternalField(0))), (uv_os_fd_t *) &ticket->fd);
                                         ~~~~~~~~~~~~~~~~~~~^~
                                                            .
../src/addon.h:223:63: error: no member named 'GetAlignedPointerFromInternalField' in 'v8::MaybeLocal<v8::Object>'
        uv_fileno((handle = getTcpHandle(args[0]->ToObject()->GetAlignedPointerFromInternalField(0))), (uv_os_fd_t *) &ticket->fd);
                                         ~~~~~~~~~~~~~~~~~~~  ^
../src/addon.h:225:44: error: too few arguments to function call, single argument 'context' was not specified
        ticket->fd = args[0]->IntegerValue();
                     ~~~~~~~~~~~~~~~~~~~~~ ^
/Users/devyk/Library/Caches/node-gyp/18.15.0/include/node/v8-value.h:413:40: note: 'IntegerValue' declared here
  V8_WARN_UNUSED_RESULT Maybe<int64_t> IntegerValue(
                                       ^
In file included from ../src/addon.cpp:2:
../src/addon.h:225:22: error: assigning to 'uv_os_sock_t' (aka 'int') from incompatible type 'Maybe<int64_t>' (aka 'Maybe<long long>')
        ticket->fd = args[0]->IntegerValue();
                     ^~~~~~~~~~~~~~~~~~~~~~~
../src/addon.h:339:15: warning: 'MakeCallback' is deprecated: Use MakeCallback(..., async_context) [-Wdeprecated-declarations]
        node::MakeCallback(isolate, isolate->GetCurrentContext()->Global(), Local<Function>::New(isolate, *errorCallback), 1, argv);
              ^
/Users/devyk/Library/Caches/node-gyp/18.15.0/include/node/node.h:194:1: note: 'MakeCallback' has been explicitly marked deprecated here
NODE_DEPRECATED("Use MakeCallback(..., async_context)",
^
/Users/devyk/Library/Caches/node-gyp/18.15.0/include/node/node.h:112:20: note: expanded from macro 'NODE_DEPRECATED'
    __attribute__((deprecated(message))) declarator
                   ^
In file included from ../src/addon.cpp:2:
../src/addon.h:349:81: error: too few arguments to function call, single argument 'context' was not specified
    unwrapSocket<isServer>(args[0].As<External>())->close(args[1]->IntegerValue(), nativeString.getData(), nativeString.getLength());
                                                          ~~~~~~~~~~~~~~~~~~~~~ ^
/Users/devyk/Library/Caches/node-gyp/18.15.0/include/node/v8-value.h:413:40: note: 'IntegerValue' declared here
  V8_WARN_UNUSED_RESULT Maybe<int64_t> IntegerValue(
                                       ^
In file included from ../src/addon.cpp:2:
../src/addon.h:361:40: error: too few arguments to function call, single argument 'context' was not specified
    group->close(args[1]->IntegerValue(), nativeString.getData(), nativeString.getLength());
                 ~~~~~~~~~~~~~~~~~~~~~ ^
/Users/devyk/Library/Caches/node-gyp/18.15.0/include/node/v8-value.h:413:40: note: 'IntegerValue' declared here
  V8_WARN_UNUSED_RESULT Maybe<int64_t> IntegerValue(
                                       ^
In file included from ../src/addon.cpp:2:
../src/addon.h:372:48: error: too few arguments to function call, single argument 'isolate' was not specified
    uWS::OpCode opCode = args[2]->BooleanValue() ? uWS::OpCode::BINARY : uWS::OpCode::TEXT;
                         ~~~~~~~~~~~~~~~~~~~~~ ^
/Users/devyk/Library/Caches/node-gyp/18.15.0/include/node/v8-value.h:408:8: note: 'BooleanValue' declared here
  bool BooleanValue(Isolate* isolate) const;
       ^
fatal error: too many errors emitted, stopping now [-ferror-limit=]
3 warnings and 20 errors generated.
make: *** [Release/obj.target/uws/src/addon.o] Error 1
gyp ERR! build error 
gyp ERR! stack Error: `make` failed with exit code: 2
gyp ERR! stack     at ChildProcess.onExit (/usr/local/lib/node_modules/npm/node_modules/node-gyp/lib/build.js:203:23)
gyp ERR! stack     at ChildProcess.emit (node:events:513:28)
gyp ERR! stack     at ChildProcess._handle.onexit (node:internal/child_process:291:12)
gyp ERR! System Darwin 21.4.0
gyp ERR! command "/usr/local/bin/node" "/usr/local/lib/node_modules/npm/node_modules/node-gyp/bin/node-gyp.js" "rebuild"
gyp ERR! cwd /Users/devyk/Data/Project/MyProject/OpenRTCProject/p2ps/node_modules/uws
gyp ERR! node -v v18.15.0
gyp ERR! node-gyp -v v9.3.1
gyp ERR! not ok 
